<?xml version="1.0" encoding="utf-8"?><testsuites><testsuite errors="0" failures="0" hostname="Sumeshs-MBP.gv.shawcable.net" name="pytest" skipped="2" tests="37" time="41.512" timestamp="2020-05-19T12:11:52.139019"><testcase classname="tests.unit.api.test_meta" file="tests/unit/api/test_meta.py" line="21" name="test_meta_no_commit_hash" time="0.001"><skipped message="Skip test when running in pod" type="pytest.skip">tests/unit/api/test_meta.py:22: Skip test when running in pod</skipped></testcase><testcase classname="tests.unit.api.test_meta" file="tests/unit/api/test_meta.py" line="32" name="test_meta_with_commit_hash" time="37.296"></testcase><testcase classname="tests.unit.api.test_ops" file="tests/unit/api/test_ops.py" line="21" name="test_ops_healthz_success" time="0.002"></testcase><testcase classname="tests.unit.api.test_ops" file="tests/unit/api/test_ops.py" line="29" name="test_ops_readyz" time="0.003"></testcase><testcase classname="tests.unit.api.test_reports" file="tests/unit/api/test_reports.py" line="26" name="test_get_generate" time="0.002"></testcase><testcase classname="tests.unit.api.test_reports" file="tests/unit/api/test_reports.py" line="32" name="test_generate_report_with_existing_template" time="1.019"></testcase><testcase classname="tests.unit.api.test_reports" file="tests/unit/api/test_reports.py" line="55" name="test_generate_report_with_invalid_template" time="0.010"></testcase><testcase classname="tests.unit.api.test_reports" file="tests/unit/api/test_reports.py" line="72" name="test_generate_report_with_template" time="0.084"></testcase><testcase classname="tests.unit.api.test_reports" file="tests/unit/api/test_reports.py" line="91" name="test_generate_report_with_page_number" time="0.071"></testcase><testcase classname="tests.unit.api.test_reports" file="tests/unit/api/test_reports.py" line="111" name="test_generate_report_with_invalid_request" time="0.009"></testcase><testcase classname="tests.unit.api.test_reports" file="tests/unit/api/test_reports.py" line="126" name="test_csv_report" time="0.015"></testcase><testcase classname="tests.unit.api.test_reports" file="tests/unit/api/test_reports.py" line="161" name="test_csv_report_with_invalid_request" time="0.009"></testcase><testcase classname="tests.unit.api.test_templates" file="tests/unit/api/test_templates.py" line="21" name="test_get_all_templates" time="0.003"></testcase><testcase classname="tests.unit.api.test_templates" file="tests/unit/api/test_templates.py" line="30" name="test_get_two_templates" time="0.004"></testcase><testcase classname="tests.unit.api.test_templates" file="tests/unit/api/test_templates.py" line="36" name="test_get_one_templates" time="0.002"></testcase><testcase classname="tests.unit.conf.test_configuration" file="tests/unit/conf/test_configuration.py" line="35" name="test_get_named_config[valid-development-DevConfig]" time="0.003"></testcase><testcase classname="tests.unit.conf.test_configuration" file="tests/unit/conf/test_configuration.py" line="35" name="test_get_named_config[valid-testing-TestConfig]" time="0.002"></testcase><testcase classname="tests.unit.conf.test_configuration" file="tests/unit/conf/test_configuration.py" line="35" name="test_get_named_config[valid-default-ProdConfig]" time="0.002"></testcase><testcase classname="tests.unit.conf.test_configuration" file="tests/unit/conf/test_configuration.py" line="35" name="test_get_named_config[valid-staging-ProdConfig]" time="0.002"></testcase><testcase classname="tests.unit.conf.test_configuration" file="tests/unit/conf/test_configuration.py" line="35" name="test_get_named_config[valid-production-ProdConfig]" time="0.002"></testcase><testcase classname="tests.unit.conf.test_configuration" file="tests/unit/conf/test_configuration.py" line="35" name="test_get_named_config[error-None-KeyError]" time="0.002"></testcase><testcase classname="tests.unit.conf.test_configuration" file="tests/unit/conf/test_configuration.py" line="48" name="test_prod_config_secret_key" time="0.009"></testcase><testcase classname="tests.unit.conf.test_version" file="tests/unit/conf/test_version.py" line="23" name="test_get_version" time="0.001"><skipped message="Skip test when running in pod" type="pytest.skip">tests/unit/conf/test_version.py:24: Skip test when running in pod</skipped></testcase><testcase classname="tests.unit.services.test_csv_service" file="tests/unit/services/test_csv_service.py" line="23" name="test_create_csv" time="0.004"></testcase><testcase classname="tests.unit.services.test_csv_service" file="tests/unit/services/test_csv_service.py" line="48" name="test_create_csv_with_no_data" time="0.001"></testcase><testcase classname="tests.unit.services.test_template_service" file="tests/unit/services/test_template_service.py" line="26" name="test_find_all_templates_by_three_templates" time="0.002"></testcase><testcase classname="tests.unit.services.test_template_service" file="tests/unit/services/test_template_service.py" line="38" name="test_find_all_templates_by_non_html_templates" time="0.002"></testcase><testcase classname="tests.unit.services.test_template_service" file="tests/unit/services/test_template_service.py" line="49" name="test_find_all_templates_by_no_templates" time="0.002"></testcase><testcase classname="tests.unit.utils.test_logging" file="tests/unit/utils/test_logging.py" line="24" name="test_logging_with_file" time="0.005"></testcase><testcase classname="tests.unit.utils.test_logging" file="tests/unit/utils/test_logging.py" line="34" name="test_logging_with_missing_file" time="0.002"></testcase><testcase classname="tests.unit.utils.test_util_cors" file="tests/unit/utils/test_util_cors.py" line="34" name="test_cors_preflight_post[GET]" time="0.001"></testcase><testcase classname="tests.unit.utils.test_util_cors" file="tests/unit/utils/test_util_cors.py" line="34" name="test_cors_preflight_post[PUT]" time="0.001"></testcase><testcase classname="tests.unit.utils.test_util_cors" file="tests/unit/utils/test_util_cors.py" line="34" name="test_cors_preflight_post[POST]" time="0.001"></testcase><testcase classname="tests.unit.utils.test_util_cors" file="tests/unit/utils/test_util_cors.py" line="34" name="test_cors_preflight_post[GET,PUT]" time="0.001"></testcase><testcase classname="tests.unit.utils.test_util_cors" file="tests/unit/utils/test_util_cors.py" line="34" name="test_cors_preflight_post[GET,POST]" time="0.001"></testcase><testcase classname="tests.unit.utils.test_util_cors" file="tests/unit/utils/test_util_cors.py" line="34" name="test_cors_preflight_post[PUT,POST]" time="0.004"></testcase><testcase classname="tests.unit.utils.test_util_cors" file="tests/unit/utils/test_util_cors.py" line="34" name="test_cors_preflight_post[GET,PUT,POST]" time="1.704"></testcase></testsuite></testsuites>